This file contains any messages produced by compilers while
running configure, to aid debugging if configure makes a mistake.

It was created by p4est configure 2.8.7.12-cf1ab, which was
generated by GNU Autoconf 2.69.  Invocation command line was

  $ ./configure 

## --------- ##
## Platform. ##
## --------- ##

hostname = csrwks2023-0217.engin.umich.edu
uname -m = x86_64
uname -r = 4.18.0-553.5.1.el8_10.x86_64
uname -s = Linux
uname -v = #1 SMP Tue May 21 03:13:04 EDT 2024

/usr/bin/uname -p = x86_64
/bin/uname -X     = unknown

/bin/arch              = x86_64
/usr/bin/arch -k       = unknown
/usr/convex/getsysinfo = unknown
/usr/bin/hostinfo      = unknown
/bin/machine           = unknown
/usr/bin/oslevel       = unknown
/bin/universe          = unknown

PATH: /usr/share/Modules/bin
PATH: /usr/local/bin
PATH: /usr/bin
PATH: /usr/local/sbin
PATH: /usr/sbin


## ----------- ##
## Core tests. ##
## ----------- ##

configure:2392: checking for a BSD-compatible install
configure:2460: result: /usr/bin/install -c
configure:2471: checking whether build environment is sane
configure:2526: result: yes
configure:2677: checking for a thread-safe mkdir -p
configure:2716: result: /usr/bin/mkdir -p
configure:2723: checking for gawk
configure:2739: found /usr/bin/gawk
configure:2750: result: gawk
configure:2761: checking whether make sets $(MAKE)
configure:2783: result: yes
configure:2812: checking whether make supports nested variables
configure:2829: result: yes
configure:2966: checking whether make supports nested variables
configure:2983: result: yes
configure:3010: checking for a sed that does not truncate output
configure:3074: result: /usr/bin/sed
configure:3093: checking Major version
configure:3095: result: 2
configure:3097: checking Minor version
configure:3099: result: 8
configure:3101: checking Point version
configure:3103: result: 7.12-cf1ab
configure:3389: checking whether we are using MPI
configure:3391: result: no
configure:3409: checking whether we are using MPI I/O
configure:3411: result: no
configure:3429: checking whether we are using MPI_Init_thread
configure:3431: result: no
configure:3626: checking whether make supports the include directive
configure:3641: make -f confmf.GNU && cat confinc.out
this is the am__doit target
configure:3644: $? = 0
configure:3663: result: yes (GNU style)
configure:3733: checking for gcc
configure:3749: found /usr/bin/gcc
configure:3760: result: gcc
configure:3989: checking for C compiler version
configure:3998: gcc --version >&5
gcc (GCC) 8.5.0 20210514 (Red Hat 8.5.0-22)
Copyright (C) 2018 Free Software Foundation, Inc.
This is free software; see the source for copying conditions.  There is NO
warranty; not even for MERCHANTABILITY or FITNESS FOR A PARTICULAR PURPOSE.

configure:4009: $? = 0
configure:3998: gcc -v >&5
Using built-in specs.
COLLECT_GCC=gcc
COLLECT_LTO_WRAPPER=/usr/libexec/gcc/x86_64-redhat-linux/8/lto-wrapper
OFFLOAD_TARGET_NAMES=nvptx-none
OFFLOAD_TARGET_DEFAULT=1
Target: x86_64-redhat-linux
Configured with: ../configure --enable-bootstrap --enable-languages=c,c++,fortran,lto --prefix=/usr --mandir=/usr/share/man --infodir=/usr/share/info --with-bugurl=http://bugzilla.redhat.com/bugzilla --enable-shared --enable-threads=posix --enable-checking=release --enable-multilib --with-system-zlib --enable-__cxa_atexit --disable-libunwind-exceptions --enable-gnu-unique-object --enable-linker-build-id --with-gcc-major-version-only --with-linker-hash-style=gnu --enable-plugin --enable-initfini-array --with-isl --disable-libmpx --enable-offload-targets=nvptx-none --without-cuda-driver --enable-gnu-indirect-function --enable-cet --with-tune=generic --with-arch_32=x86-64 --build=x86_64-redhat-linux
Thread model: posix
gcc version 8.5.0 20210514 (Red Hat 8.5.0-22) (GCC) 
configure:4009: $? = 0
configure:3998: gcc -V >&5
gcc: error: unrecognized command line option '-V'
gcc: fatal error: no input files
compilation terminated.
configure:4009: $? = 1
configure:3998: gcc -qversion >&5
gcc: error: unrecognized command line option '-qversion'; did you mean '--version'?
gcc: fatal error: no input files
compilation terminated.
configure:4009: $? = 1
configure:4029: checking whether the C compiler works
configure:4051: gcc    conftest.c  >&5
configure:4055: $? = 0
configure:4103: result: yes
configure:4106: checking for C compiler default output file name
configure:4108: result: a.out
configure:4114: checking for suffix of executables
configure:4121: gcc -o conftest    conftest.c  >&5
configure:4125: $? = 0
configure:4147: result: 
configure:4169: checking whether we are cross compiling
configure:4177: gcc -o conftest    conftest.c  >&5
configure:4181: $? = 0
configure:4188: ./conftest
configure:4192: $? = 0
configure:4207: result: no
configure:4212: checking for suffix of object files
configure:4234: gcc -c   conftest.c >&5
configure:4238: $? = 0
configure:4259: result: o
configure:4263: checking whether we are using the GNU C compiler
configure:4282: gcc -c   conftest.c >&5
configure:4282: $? = 0
configure:4291: result: yes
configure:4300: checking whether gcc accepts -g
configure:4320: gcc -c -g  conftest.c >&5
configure:4320: $? = 0
configure:4361: result: yes
configure:4378: checking for gcc option to accept ISO C89
configure:4441: gcc  -c -g -O2  conftest.c >&5
configure:4441: $? = 0
configure:4454: result: none needed
configure:4479: checking whether gcc understands -c and -o together
configure:4501: gcc -c conftest.c -o conftest2.o
configure:4504: $? = 0
configure:4501: gcc -c conftest.c -o conftest2.o
configure:4504: $? = 0
configure:4516: result: yes
configure:4535: checking dependency style of gcc
configure:4646: result: gcc3
configure:4668: checking whether gcc and cc understand -c and -o together
configure:4699: gcc -c conftest.c -o conftest2.o >&5
configure:4703: $? = 0
configure:4709: gcc -c conftest.c -o conftest2.o >&5
configure:4713: $? = 0
configure:4724: cc -c conftest.c >&5
configure:4728: $? = 0
configure:4736: cc -c conftest.c -o conftest2.o >&5
configure:4740: $? = 0
configure:4746: cc -c conftest.c -o conftest2.o >&5
configure:4750: $? = 0
configure:4768: result: yes
configure:5252: checking for ar
configure:5268: found /usr/bin/ar
configure:5279: result: ar
configure:5305: checking the archiver (ar) interface
configure:5321: gcc -c -g -O2  conftest.c >&5
configure:5321: $? = 0
configure:5323: ar cru libconftest.a conftest.o >&5
configure:5326: $? = 0
configure:5354: result: ar
configure:5403: checking build system type
configure:5417: result: x86_64-pc-linux-gnu
configure:5437: checking host system type
configure:5450: result: x86_64-pc-linux-gnu
configure:5491: checking how to print strings
configure:5518: result: printf
configure:5539: checking for a sed that does not truncate output
configure:5603: result: /usr/bin/sed
configure:5621: checking for grep that handles long lines and -e
configure:5679: result: /usr/bin/grep
configure:5684: checking for egrep
configure:5746: result: /usr/bin/grep -E
configure:5751: checking for fgrep
configure:5813: result: /usr/bin/grep -F
configure:5848: checking for ld used by gcc
configure:5915: result: /usr/bin/ld
configure:5922: checking if the linker (/usr/bin/ld) is GNU ld
configure:5937: result: yes
configure:5949: checking for BSD- or MS-compatible name lister (nm)
configure:6003: result: /usr/bin/nm -B
configure:6133: checking the name lister (/usr/bin/nm -B) interface
configure:6140: gcc -c -g -O2  conftest.c >&5
configure:6143: /usr/bin/nm -B "conftest.o"
configure:6146: output
0000000000000000 B some_variable
configure:6153: result: BSD nm
configure:6156: checking whether ln -s works
configure:6160: result: yes
configure:6168: checking the maximum length of command line arguments
configure:6299: result: 1572864
configure:6347: checking how to convert x86_64-pc-linux-gnu file names to x86_64-pc-linux-gnu format
configure:6387: result: func_convert_file_noop
configure:6394: checking how to convert x86_64-pc-linux-gnu file names to toolchain format
configure:6414: result: func_convert_file_noop
configure:6421: checking for /usr/bin/ld option to reload object files
configure:6428: result: -r
configure:6502: checking for objdump
configure:6518: found /usr/bin/objdump
configure:6529: result: objdump
configure:6561: checking how to recognize dependent libraries
configure:6761: result: pass_all
configure:6846: checking for dlltool
configure:6876: result: no
configure:6906: checking how to associate runtime and link libraries
configure:6933: result: printf %s\n
configure:7057: checking for archiver @FILE support
configure:7074: gcc -c -g -O2  conftest.c >&5
configure:7074: $? = 0
configure:7077: ar cru libconftest.a @conftest.lst >&5
configure:7080: $? = 0
configure:7085: ar cru libconftest.a @conftest.lst >&5
ar: conftest.o: No such file or directory
configure:7088: $? = 1
configure:7100: result: @
configure:7158: checking for strip
configure:7174: found /usr/bin/strip
configure:7185: result: strip
configure:7257: checking for ranlib
configure:7273: found /usr/bin/ranlib
configure:7284: result: ranlib
configure:7386: checking command to parse /usr/bin/nm -B output from gcc object
configure:7539: gcc -c -g -O2  conftest.c >&5
configure:7542: $? = 0
configure:7546: /usr/bin/nm -B conftest.o \| sed -n -e 's/^.*[ ]\([ABCDGIRSTW][ABCDGIRSTW]*\)[ ][ ]*\([_A-Za-z][_A-Za-z0-9]*\)$/\1 \2 \2/p' | sed '/ __gnu_lto/d' \> conftest.nm
configure:7549: $? = 0
configure:7615: gcc -o conftest -g -O2   conftest.c conftstm.o >&5
configure:7618: $? = 0
configure:7656: result: ok
configure:7703: checking for sysroot
configure:7733: result: no
configure:7740: checking for a working dd
configure:7778: result: /usr/bin/dd
configure:7782: checking how to truncate binary pipes
configure:7797: result: /usr/bin/dd bs=4096 count=1
configure:7933: gcc -c -g -O2  conftest.c >&5
configure:7936: $? = 0
configure:8126: checking for mt
configure:8156: result: no
configure:8176: checking if : is a manifest tool
configure:8182: : '-?'
configure:8190: result: no
configure:8867: checking how to run the C preprocessor
configure:8898: gcc -E  conftest.c
configure:8898: $? = 0
configure:8912: gcc -E  conftest.c
conftest.c:26:10: fatal error: ac_nonexistent.h: No such file or directory
 #include <ac_nonexistent.h>
          ^~~~~~~~~~~~~~~~~~
compilation terminated.
configure:8912: $? = 1
configure: failed program was:
| /* confdefs.h */
| #define PACKAGE_NAME "p4est"
| #define PACKAGE_TARNAME "p4est"
| #define PACKAGE_VERSION "2.8.7.12-cf1ab"
| #define PACKAGE_STRING "p4est 2.8.7.12-cf1ab"
| #define PACKAGE_BUGREPORT "p4est@ins.uni-bonn.de"
| #define PACKAGE_URL ""
| #define PACKAGE "p4est"
| #define VERSION "2.8.7.12-cf1ab"
| #define VERSION_MAJOR 2
| #define VERSION_MINOR 8
| #define VERSION_POINT 7.12-cf1ab
| #define VTK_BINARY 1
| #define ENABLE_VTK_BINARY 1
| #define VTK_COMPRESSION 1
| #define ENABLE_VTK_COMPRESSION 1
| #define BUILD_2D 1
| #define ENABLE_BUILD_2D 1
| #define BUILD_3D 1
| #define ENABLE_BUILD_3D 1
| #define BUILD_P6EST 1
| #define ENABLE_BUILD_P6EST 1
| #define FILE_CHECKS 1
| #define ENABLE_FILE_CHECKS 1
| /* end confdefs.h.  */
| #include <ac_nonexistent.h>
configure:8937: result: gcc -E
configure:8957: gcc -E  conftest.c
configure:8957: $? = 0
configure:8971: gcc -E  conftest.c
conftest.c:26:10: fatal error: ac_nonexistent.h: No such file or directory
 #include <ac_nonexistent.h>
          ^~~~~~~~~~~~~~~~~~
compilation terminated.
configure:8971: $? = 1
configure: failed program was:
| /* confdefs.h */
| #define PACKAGE_NAME "p4est"
| #define PACKAGE_TARNAME "p4est"
| #define PACKAGE_VERSION "2.8.7.12-cf1ab"
| #define PACKAGE_STRING "p4est 2.8.7.12-cf1ab"
| #define PACKAGE_BUGREPORT "p4est@ins.uni-bonn.de"
| #define PACKAGE_URL ""
| #define PACKAGE "p4est"
| #define VERSION "2.8.7.12-cf1ab"
| #define VERSION_MAJOR 2
| #define VERSION_MINOR 8
| #define VERSION_POINT 7.12-cf1ab
| #define VTK_BINARY 1
| #define ENABLE_VTK_BINARY 1
| #define VTK_COMPRESSION 1
| #define ENABLE_VTK_COMPRESSION 1
| #define BUILD_2D 1
| #define ENABLE_BUILD_2D 1
| #define BUILD_3D 1
| #define ENABLE_BUILD_3D 1
| #define BUILD_P6EST 1
| #define ENABLE_BUILD_P6EST 1
| #define FILE_CHECKS 1
| #define ENABLE_FILE_CHECKS 1
| /* end confdefs.h.  */
| #include <ac_nonexistent.h>
configure:9000: checking for ANSI C header files
configure:9020: gcc -c -g -O2  conftest.c >&5
configure:9020: $? = 0
configure:9093: gcc -o conftest -g -O2   conftest.c  >&5
configure:9093: $? = 0
configure:9093: ./conftest
configure:9093: $? = 0
configure:9104: result: yes
configure:9117: checking for sys/types.h
configure:9117: gcc -c -g -O2  conftest.c >&5
configure:9117: $? = 0
configure:9117: result: yes
configure:9117: checking for sys/stat.h
configure:9117: gcc -c -g -O2  conftest.c >&5
configure:9117: $? = 0
configure:9117: result: yes
configure:9117: checking for stdlib.h
configure:9117: gcc -c -g -O2  conftest.c >&5
configure:9117: $? = 0
configure:9117: result: yes
configure:9117: checking for string.h
configure:9117: gcc -c -g -O2  conftest.c >&5
configure:9117: $? = 0
configure:9117: result: yes
configure:9117: checking for memory.h
configure:9117: gcc -c -g -O2  conftest.c >&5
configure:9117: $? = 0
configure:9117: result: yes
configure:9117: checking for strings.h
configure:9117: gcc -c -g -O2  conftest.c >&5
configure:9117: $? = 0
configure:9117: result: yes
configure:9117: checking for inttypes.h
configure:9117: gcc -c -g -O2  conftest.c >&5
configure:9117: $? = 0
configure:9117: result: yes
configure:9117: checking for stdint.h
configure:9117: gcc -c -g -O2  conftest.c >&5
configure:9117: $? = 0
configure:9117: result: yes
configure:9117: checking for unistd.h
configure:9117: gcc -c -g -O2  conftest.c >&5
configure:9117: $? = 0
configure:9117: result: yes
configure:9131: checking for dlfcn.h
configure:9131: gcc -c -g -O2  conftest.c >&5
configure:9131: $? = 0
configure:9131: result: yes
configure:9387: checking for objdir
configure:9402: result: .libs
configure:9666: checking if gcc supports -fno-rtti -fno-exceptions
configure:9684: gcc -c -g -O2  -fno-rtti -fno-exceptions conftest.c >&5
cc1: warning: command line option '-fno-rtti' is valid for C++/ObjC++ but not for C
configure:9688: $? = 0
configure:9701: result: no
configure:10059: checking for gcc option to produce PIC
configure:10066: result: -fPIC -DPIC
configure:10074: checking if gcc PIC flag -fPIC -DPIC works
configure:10092: gcc -c -g -O2  -fPIC -DPIC -DPIC conftest.c >&5
configure:10096: $? = 0
configure:10109: result: yes
configure:10138: checking if gcc static flag -static works
configure:10166: result: no
configure:10181: checking if gcc supports -c -o file.o
configure:10202: gcc -c -g -O2  -o out/conftest2.o conftest.c >&5
configure:10206: $? = 0
configure:10228: result: yes
configure:10236: checking if gcc supports -c -o file.o
configure:10283: result: yes
configure:10316: checking whether the gcc linker (/usr/bin/ld -m elf_x86_64) supports shared libraries
configure:11575: result: yes
configure:11612: checking whether -lc should be explicitly linked in
configure:11620: gcc -c -g -O2  conftest.c >&5
configure:11623: $? = 0
configure:11638: gcc -shared  -fPIC -DPIC conftest.o  -v -Wl,-soname -Wl,conftest -o conftest 2\>\&1 \| /usr/bin/grep  -lc  \>/dev/null 2\>\&1
configure:11641: $? = 0
configure:11655: result: no
configure:11815: checking dynamic linker characteristics
configure:12396: gcc -o conftest -g -O2   -Wl,-rpath -Wl,/foo conftest.c  >&5
configure:12396: $? = 0
configure:12636: result: GNU/Linux ld.so
configure:12758: checking how to hardcode library paths into programs
configure:12783: result: immediate
configure:13331: checking whether stripping libraries is possible
configure:13336: result: yes
configure:13371: checking if libtool supports shared libraries
configure:13373: result: yes
configure:13376: checking whether to build shared libraries
configure:13401: result: yes
configure:13404: checking whether to build static libraries
configure:13408: result: yes
configure:13456: checking for dot
configure:13472: found /usr/bin/dot
configure:13484: result: YES
configure:13494: checking for library containing sqrt
configure:13527: gcc -o conftest -g -O2   conftest.c  >&5
/tmp/ccHAIoIQ.o: In function `main':
/home/lukasg/p4est_playground/p4est/conftest.c:50: undefined reference to `sqrt'
collect2: error: ld returned 1 exit status
configure:13527: $? = 1
configure: failed program was:
| /* confdefs.h */
| #define PACKAGE_NAME "p4est"
| #define PACKAGE_TARNAME "p4est"
| #define PACKAGE_VERSION "2.8.7.12-cf1ab"
| #define PACKAGE_STRING "p4est 2.8.7.12-cf1ab"
| #define PACKAGE_BUGREPORT "p4est@ins.uni-bonn.de"
| #define PACKAGE_URL ""
| #define PACKAGE "p4est"
| #define VERSION "2.8.7.12-cf1ab"
| #define VERSION_MAJOR 2
| #define VERSION_MINOR 8
| #define VERSION_POINT 7.12-cf1ab
| #define VTK_BINARY 1
| #define ENABLE_VTK_BINARY 1
| #define VTK_COMPRESSION 1
| #define ENABLE_VTK_COMPRESSION 1
| #define BUILD_2D 1
| #define ENABLE_BUILD_2D 1
| #define BUILD_3D 1
| #define ENABLE_BUILD_3D 1
| #define BUILD_P6EST 1
| #define ENABLE_BUILD_P6EST 1
| #define FILE_CHECKS 1
| #define ENABLE_FILE_CHECKS 1
| #define STDC_HEADERS 1
| #define HAVE_SYS_TYPES_H 1
| #define HAVE_SYS_STAT_H 1
| #define HAVE_STDLIB_H 1
| #define HAVE_STRING_H 1
| #define HAVE_MEMORY_H 1
| #define HAVE_STRINGS_H 1
| #define HAVE_INTTYPES_H 1
| #define HAVE_STDINT_H 1
| #define HAVE_UNISTD_H 1
| #define HAVE_DLFCN_H 1
| #define LT_OBJDIR ".libs/"
| #define USING_AUTOCONF 1
| /* end confdefs.h.  */
| 
| /* provoke side effect to inhibit compiler optimization */
| #include <math.h>
| #include <stdio.h>
| 
| int
| main ()
| {
| 
| /* make this so complex that the compiler cannot predict the result */
| double a = 3.14149;
| for (; sqrt (a) < a; a *= 1.000023) { putc ('1', stdout); }
| 
|   ;
|   return 0;
| }
configure:13527: gcc -o conftest -g -O2   conftest.c -lm   >&5
configure:13527: $? = 0
configure:13544: result: -lm
configure:13559: checking for library containing adler32_combine
configure:13588: gcc -o conftest -g -O2   conftest.c -lm  >&5
/tmp/ccPhUGMR.o: In function `main':
/home/lukasg/p4est_playground/p4est/conftest.c:47: undefined reference to `adler32_combine'
collect2: error: ld returned 1 exit status
configure:13588: $? = 1
configure: failed program was:
| /* confdefs.h */
| #define PACKAGE_NAME "p4est"
| #define PACKAGE_TARNAME "p4est"
| #define PACKAGE_VERSION "2.8.7.12-cf1ab"
| #define PACKAGE_STRING "p4est 2.8.7.12-cf1ab"
| #define PACKAGE_BUGREPORT "p4est@ins.uni-bonn.de"
| #define PACKAGE_URL ""
| #define PACKAGE "p4est"
| #define VERSION "2.8.7.12-cf1ab"
| #define VERSION_MAJOR 2
| #define VERSION_MINOR 8
| #define VERSION_POINT 7.12-cf1ab
| #define VTK_BINARY 1
| #define ENABLE_VTK_BINARY 1
| #define VTK_COMPRESSION 1
| #define ENABLE_VTK_COMPRESSION 1
| #define BUILD_2D 1
| #define ENABLE_BUILD_2D 1
| #define BUILD_3D 1
| #define ENABLE_BUILD_3D 1
| #define BUILD_P6EST 1
| #define ENABLE_BUILD_P6EST 1
| #define FILE_CHECKS 1
| #define ENABLE_FILE_CHECKS 1
| #define STDC_HEADERS 1
| #define HAVE_SYS_TYPES_H 1
| #define HAVE_SYS_STAT_H 1
| #define HAVE_STDLIB_H 1
| #define HAVE_STRING_H 1
| #define HAVE_MEMORY_H 1
| #define HAVE_STRINGS_H 1
| #define HAVE_INTTYPES_H 1
| #define HAVE_STDINT_H 1
| #define HAVE_UNISTD_H 1
| #define HAVE_DLFCN_H 1
| #define LT_OBJDIR ".libs/"
| #define USING_AUTOCONF 1
| #define HAVE_MATH 1
| /* end confdefs.h.  */
| #include <zlib.h>
| int
| main ()
| {
| 
| z_off_t len = 3000;
| uLong a = 1, b = 2;
| if (a == adler32_combine (a, b, len)) {;}
| 
|   ;
|   return 0;
| }
configure:13588: gcc -o conftest -g -O2   conftest.c -lz  -lm  >&5
configure:13588: $? = 0
configure:13605: result: -lz
configure:13621: checking for library containing json_integer
configure:13650: gcc -o conftest -g -O2   conftest.c -lz -lm  >&5
conftest.c:41:10: fatal error: jansson.h: No such file or directory
 #include <jansson.h>
          ^~~~~~~~~~~
compilation terminated.
configure:13650: $? = 1
configure: failed program was:
| /* confdefs.h */
| #define PACKAGE_NAME "p4est"
| #define PACKAGE_TARNAME "p4est"
| #define PACKAGE_VERSION "2.8.7.12-cf1ab"
| #define PACKAGE_STRING "p4est 2.8.7.12-cf1ab"
| #define PACKAGE_BUGREPORT "p4est@ins.uni-bonn.de"
| #define PACKAGE_URL ""
| #define PACKAGE "p4est"
| #define VERSION "2.8.7.12-cf1ab"
| #define VERSION_MAJOR 2
| #define VERSION_MINOR 8
| #define VERSION_POINT 7.12-cf1ab
| #define VTK_BINARY 1
| #define ENABLE_VTK_BINARY 1
| #define VTK_COMPRESSION 1
| #define ENABLE_VTK_COMPRESSION 1
| #define BUILD_2D 1
| #define ENABLE_BUILD_2D 1
| #define BUILD_3D 1
| #define ENABLE_BUILD_3D 1
| #define BUILD_P6EST 1
| #define ENABLE_BUILD_P6EST 1
| #define FILE_CHECKS 1
| #define ENABLE_FILE_CHECKS 1
| #define STDC_HEADERS 1
| #define HAVE_SYS_TYPES_H 1
| #define HAVE_SYS_STAT_H 1
| #define HAVE_STDLIB_H 1
| #define HAVE_STRING_H 1
| #define HAVE_MEMORY_H 1
| #define HAVE_STRINGS_H 1
| #define HAVE_INTTYPES_H 1
| #define HAVE_STDINT_H 1
| #define HAVE_UNISTD_H 1
| #define HAVE_DLFCN_H 1
| #define LT_OBJDIR ".libs/"
| #define USING_AUTOCONF 1
| #define HAVE_MATH 1
| #define HAVE_ZLIB 1
| /* end confdefs.h.  */
| #include <jansson.h>
| int
| main ()
| {
| 
| json_t *jint, *jreal;
| if (jint == json_integer ((json_int_t) 15)) { json_decref (jint); }
| if (jreal == json_real (.5)) { json_decref (jreal); }
| 
|   ;
|   return 0;
| }
configure:13650: gcc -o conftest -g -O2   conftest.c -ljansson  -lz -lm  >&5
conftest.c:41:10: fatal error: jansson.h: No such file or directory
 #include <jansson.h>
          ^~~~~~~~~~~
compilation terminated.
configure:13650: $? = 1
configure: failed program was:
| /* confdefs.h */
| #define PACKAGE_NAME "p4est"
| #define PACKAGE_TARNAME "p4est"
| #define PACKAGE_VERSION "2.8.7.12-cf1ab"
| #define PACKAGE_STRING "p4est 2.8.7.12-cf1ab"
| #define PACKAGE_BUGREPORT "p4est@ins.uni-bonn.de"
| #define PACKAGE_URL ""
| #define PACKAGE "p4est"
| #define VERSION "2.8.7.12-cf1ab"
| #define VERSION_MAJOR 2
| #define VERSION_MINOR 8
| #define VERSION_POINT 7.12-cf1ab
| #define VTK_BINARY 1
| #define ENABLE_VTK_BINARY 1
| #define VTK_COMPRESSION 1
| #define ENABLE_VTK_COMPRESSION 1
| #define BUILD_2D 1
| #define ENABLE_BUILD_2D 1
| #define BUILD_3D 1
| #define ENABLE_BUILD_3D 1
| #define BUILD_P6EST 1
| #define ENABLE_BUILD_P6EST 1
| #define FILE_CHECKS 1
| #define ENABLE_FILE_CHECKS 1
| #define STDC_HEADERS 1
| #define HAVE_SYS_TYPES_H 1
| #define HAVE_SYS_STAT_H 1
| #define HAVE_STDLIB_H 1
| #define HAVE_STRING_H 1
| #define HAVE_MEMORY_H 1
| #define HAVE_STRINGS_H 1
| #define HAVE_INTTYPES_H 1
| #define HAVE_STDINT_H 1
| #define HAVE_UNISTD_H 1
| #define HAVE_DLFCN_H 1
| #define LT_OBJDIR ".libs/"
| #define USING_AUTOCONF 1
| #define HAVE_MATH 1
| #define HAVE_ZLIB 1
| /* end confdefs.h.  */
| #include <jansson.h>
| int
| main ()
| {
| 
| json_t *jint, *jreal;
| if (jint == json_integer ((json_int_t) 15)) { json_decref (jint); }
| if (jreal == json_real (.5)) { json_decref (jreal); }
| 
|   ;
|   return 0;
| }
configure:13667: result: no
configure:13685: checking for getopt
configure:13702: gcc -o conftest -g -O2   conftest.c -lz -lm  >&5
configure:13702: $? = 0
configure:13703: result: successful
configure:13731: checking for POSIX threads
configure:13865: result: not used
configure:13874: checking for aligned_alloc
configure:13874: gcc -o conftest -g -O2   conftest.c -lz -lm  >&5
conftest.c:64:6: warning: conflicting types for built-in function 'aligned_alloc' [-Wbuiltin-declaration-mismatch]
 char aligned_alloc ();
      ^~~~~~~~~~~~~
configure:13874: $? = 0
configure:13874: result: yes
configure:13874: checking for posix_memalign
configure:13874: gcc -o conftest -g -O2   conftest.c -lz -lm  >&5
conftest.c:65:6: warning: conflicting types for built-in function 'posix_memalign' [-Wbuiltin-declaration-mismatch]
 char posix_memalign ();
      ^~~~~~~~~~~~~~
configure:13874: $? = 0
configure:13874: result: yes
configure:13884: checking for memory alignment option
configure:13928: result: 8
configure:13951: gcc -o conftest -g -O2   conftest.c -lz -lm  >&5
configure:13951: $? = 0
configure:13979: gcc -o conftest -g -O2   conftest.c -lz -lm  >&5
configure:13979: $? = 0
configure:14003: checking whether qsort_r conforms to GNU standard
configure:14039: gcc -o conftest -g -O2   conftest.c -lz -lm  >&5
configure:14039: $? = 0
configure:14043: result: yes
configure:14052: checking whether qsort_r conforms to BSD standard
configure:14085: gcc -o conftest -g -O2   conftest.c -lz -lm  >&5
conftest.c: In function 'main':
conftest.c:70:1: error: implicit declaration of function 'qsort_r'; did you mean 'qsort'? [-Werror=implicit-function-declaration]
 qsort_r (arr, 4, sizeof (int), p, comparator);
 ^~~~~~~
 qsort
cc1: some warnings being treated as errors
configure:14085: $? = 1
configure: failed program was:
| /* confdefs.h */
| #define PACKAGE_NAME "p4est"
| #define PACKAGE_TARNAME "p4est"
| #define PACKAGE_VERSION "2.8.7.12-cf1ab"
| #define PACKAGE_STRING "p4est 2.8.7.12-cf1ab"
| #define PACKAGE_BUGREPORT "p4est@ins.uni-bonn.de"
| #define PACKAGE_URL ""
| #define PACKAGE "p4est"
| #define VERSION "2.8.7.12-cf1ab"
| #define VERSION_MAJOR 2
| #define VERSION_MINOR 8
| #define VERSION_POINT 7.12-cf1ab
| #define VTK_BINARY 1
| #define ENABLE_VTK_BINARY 1
| #define VTK_COMPRESSION 1
| #define ENABLE_VTK_COMPRESSION 1
| #define BUILD_2D 1
| #define ENABLE_BUILD_2D 1
| #define BUILD_3D 1
| #define ENABLE_BUILD_3D 1
| #define BUILD_P6EST 1
| #define ENABLE_BUILD_P6EST 1
| #define FILE_CHECKS 1
| #define ENABLE_FILE_CHECKS 1
| #define STDC_HEADERS 1
| #define HAVE_SYS_TYPES_H 1
| #define HAVE_SYS_STAT_H 1
| #define HAVE_STDLIB_H 1
| #define HAVE_STRING_H 1
| #define HAVE_MEMORY_H 1
| #define HAVE_STRINGS_H 1
| #define HAVE_INTTYPES_H 1
| #define HAVE_STDINT_H 1
| #define HAVE_UNISTD_H 1
| #define HAVE_DLFCN_H 1
| #define LT_OBJDIR ".libs/"
| #define USING_AUTOCONF 1
| #define HAVE_MATH 1
| #define HAVE_ZLIB 1
| #define HAVE_ALIGNED_ALLOC 1
| #define HAVE_POSIX_MEMALIGN 1
| #define MEMALIGN 1
| #define ENABLE_MEMALIGN 1
| #define MEMALIGN_BYTES (8)
| #define HAVE_GNU_QSORT_R 1
| /* end confdefs.h.  */
| 
| #include <stdlib.h>
| #ifndef __cplusplus
| #pragma GCC diagnostic error "-Wimplicit-function-declaration"
| #pragma GCC diagnostic error "-Wincompatible-pointer-types"
| #endif
| static int
| comparator (void *arg, const void *aa, const void *bb)
| {
|   const int          *a = (int *) aa, *b = (int *) bb, *p = (int *) arg;
|   int                 cmp = *a - *b;
|   int                 inv_start = p[0], inv_end = p[1];
|   char                norm =
|     (*a < inv_start || *a > inv_end || *b < inv_start || *b > inv_end);
|   return norm ? -cmp : cmp;
| }
| 
| int
| main ()
| {
| 
| int                 arr[4] = { 4, 3, 2, 1 };
| int                 p[] = { 0, 5 };
| qsort_r (arr, 4, sizeof (int), p, comparator);
| 
|   ;
|   return 0;
| }
configure:14092: result: no
configure:14107: checking for sufficiently recent V4L2
configure:14164: gcc -o conftest -g -O2   conftest.c -lz -lm  >&5
conftest.c:71:2: error: #error "Linux v4l2 header not installed; disabling"
 #error "Linux v4l2 header not installed; disabling"
  ^~~~~
conftest.c:73:40: error: missing binary operator before token "("
 #if LINUX_VERSION_CODE < KERNEL_VERSION(4,0,0)
                                        ^
conftest.c: In function 'main':
conftest.c:82:26: error: storage size of 'pf' isn't known
   struct v4l2_pix_format pf;
                          ^~
conftest.c:83:18: error: 'V4L2_YCBCR_ENC_DEFAULT' undeclared (first use in this function)
   pf.ycbcr_enc = V4L2_YCBCR_ENC_DEFAULT;
                  ^~~~~~~~~~~~~~~~~~~~~~
conftest.c:83:18: note: each undeclared identifier is reported only once for each function it appears in
conftest.c:84:21: error: 'V4L2_QUANTIZATION_DEFAULT' undeclared (first use in this function)
   pf.quantization = V4L2_QUANTIZATION_DEFAULT;
                     ^~~~~~~~~~~~~~~~~~~~~~~~~
conftest.c:85:18: error: 'V4L2_XFER_FUNC_DEFAULT' undeclared (first use in this function)
   pf.xfer_func = V4L2_XFER_FUNC_DEFAULT;
                  ^~~~~~~~~~~~~~~~~~~~~~
conftest.c:87:3: warning: implicit declaration of function 'open'; did you mean 'popen'? [-Wimplicit-function-declaration]
   open ("/", O_NONBLOCK | O_RDWR);
   ^~~~
   popen
conftest.c:87:14: error: 'O_NONBLOCK' undeclared (first use in this function); did you mean 'F_LOCK'?
   open ("/", O_NONBLOCK | O_RDWR);
              ^~~~~~~~~~
              F_LOCK
conftest.c:87:27: error: 'O_RDWR' undeclared (first use in this function)
   open ("/", O_NONBLOCK | O_RDWR);
                           ^~~~~~
conftest.c:88:3: warning: implicit declaration of function 'ioctl' [-Wimplicit-function-declaration]
   ioctl (0, VIDIOC_QUERYCAP, NULL);
   ^~~~~
conftest.c:88:13: error: 'VIDIOC_QUERYCAP' undeclared (first use in this function)
   ioctl (0, VIDIOC_QUERYCAP, NULL);
             ^~~~~~~~~~~~~~~
conftest.c:89:13: error: 'VIDIOC_ENUMOUTPUT' undeclared (first use in this function)
   ioctl (0, VIDIOC_ENUMOUTPUT, NULL);
             ^~~~~~~~~~~~~~~~~
conftest.c:90:13: error: 'VIDIOC_S_OUTPUT' undeclared (first use in this function)
   ioctl (0, VIDIOC_S_OUTPUT, NULL);
             ^~~~~~~~~~~~~~~
conftest.c:91:13: error: 'VIDIOC_S_FMT' undeclared (first use in this function)
   ioctl (0, VIDIOC_S_FMT, NULL);
             ^~~~~~~~~~~~
configure:14164: $? = 1
configure: failed program was:
| /* confdefs.h */
| #define PACKAGE_NAME "p4est"
| #define PACKAGE_TARNAME "p4est"
| #define PACKAGE_VERSION "2.8.7.12-cf1ab"
| #define PACKAGE_STRING "p4est 2.8.7.12-cf1ab"
| #define PACKAGE_BUGREPORT "p4est@ins.uni-bonn.de"
| #define PACKAGE_URL ""
| #define PACKAGE "p4est"
| #define VERSION "2.8.7.12-cf1ab"
| #define VERSION_MAJOR 2
| #define VERSION_MINOR 8
| #define VERSION_POINT 7.12-cf1ab
| #define VTK_BINARY 1
| #define ENABLE_VTK_BINARY 1
| #define VTK_COMPRESSION 1
| #define ENABLE_VTK_COMPRESSION 1
| #define BUILD_2D 1
| #define ENABLE_BUILD_2D 1
| #define BUILD_3D 1
| #define ENABLE_BUILD_3D 1
| #define BUILD_P6EST 1
| #define ENABLE_BUILD_P6EST 1
| #define FILE_CHECKS 1
| #define ENABLE_FILE_CHECKS 1
| #define STDC_HEADERS 1
| #define HAVE_SYS_TYPES_H 1
| #define HAVE_SYS_STAT_H 1
| #define HAVE_STDLIB_H 1
| #define HAVE_STRING_H 1
| #define HAVE_MEMORY_H 1
| #define HAVE_STRINGS_H 1
| #define HAVE_INTTYPES_H 1
| #define HAVE_STDINT_H 1
| #define HAVE_UNISTD_H 1
| #define HAVE_DLFCN_H 1
| #define LT_OBJDIR ".libs/"
| #define USING_AUTOCONF 1
| #define HAVE_MATH 1
| #define HAVE_ZLIB 1
| #define HAVE_ALIGNED_ALLOC 1
| #define HAVE_POSIX_MEMALIGN 1
| #define MEMALIGN 1
| #define ENABLE_MEMALIGN 1
| #define MEMALIGN_BYTES (8)
| #define HAVE_GNU_QSORT_R 1
| /* end confdefs.h.  */
| 
| #include <stdio.h>
| #ifdef HAVE_FCNTL_H
| #include <fcntl.h>
| #endif
| #ifdef HAVE_UNISTD_H
| #include <unistd.h>
| #endif
| #ifdef HAVE_SYS_IOCTL_H
| #include <sys/ioctl.h>
| #endif
| #ifdef HAVE_SYS_SELECT_H
| #include <sys/select.h>
| #endif
| #ifdef HAVE_SYS_STAT_H
| #include <sys/stat.h>
| #endif
| #ifdef HAVE_SYS_TYPES_H
| #include <sys/types.h>
| #endif
| #if defined HAVE_LINUX_VIDEODEV2_H && defined HAVE_LINUX_VERSION_H
| #include <linux/videodev2.h>
| #include <linux/version.h>
| #else
| #error "Linux v4l2 header not installed; disabling"
| #endif
| #if LINUX_VERSION_CODE < KERNEL_VERSION(4,0,0)
| #error "Disabling v4l2 code for linux version < 4"
| #endif
| 
| int
| main ()
| {
| 
|   /* test whether some more recent members exist */
|   struct v4l2_pix_format pf;
|   pf.ycbcr_enc = V4L2_YCBCR_ENC_DEFAULT;
|   pf.quantization = V4L2_QUANTIZATION_DEFAULT;
|   pf.xfer_func = V4L2_XFER_FUNC_DEFAULT;
| 
|   open ("/", O_NONBLOCK | O_RDWR);
|   ioctl (0, VIDIOC_QUERYCAP, NULL);
|   ioctl (0, VIDIOC_ENUMOUTPUT, NULL);
|   ioctl (0, VIDIOC_S_OUTPUT, NULL);
|   ioctl (0, VIDIOC_S_FMT, NULL);
|   select (0, NULL, NULL, NULL, NULL);
|   write (0, NULL, 0);
| 
|   ;
|   return 0;
| }
configure:14177: result: no
configure:14194: checking for METIS
configure:14269: result: not used
configure:14278: checking for petscarch
configure:14311: result: no
configure:14316: checking for PETSc
configure:14473: result: not used
configure:14489: checking arpa/inet.h usability
configure:14489: gcc -c -g -O2  conftest.c >&5
configure:14489: $? = 0
configure:14489: result: yes
configure:14489: checking arpa/inet.h presence
configure:14489: gcc -E  conftest.c
configure:14489: $? = 0
configure:14489: result: yes
configure:14489: checking for arpa/inet.h
configure:14489: result: yes
configure:14489: checking netinet/in.h usability
configure:14489: gcc -c -g -O2  conftest.c >&5
configure:14489: $? = 0
configure:14489: result: yes
configure:14489: checking netinet/in.h presence
configure:14489: gcc -E  conftest.c
configure:14489: $? = 0
configure:14489: result: yes
configure:14489: checking for netinet/in.h
configure:14489: result: yes
configure:14489: checking for unistd.h
configure:14489: result: yes
configure:14600: Building with source of package sc
configure:14785: checking that generated files are newer than configure
configure:14791: result: done
configure:14902: creating ./config.status

## ---------------------- ##
## Running config.status. ##
## ---------------------- ##

This file was extended by p4est config.status 2.8.7.12-cf1ab, which was
generated by GNU Autoconf 2.69.  Invocation command line was

  CONFIG_FILES    = 
  CONFIG_HEADERS  = 
  CONFIG_LINKS    = 
  CONFIG_COMMANDS = 
  $ ./config.status 

on csrwks2023-0217.engin.umich.edu

config.status:1183: creating Makefile
config.status:1183: creating doc/Doxyfile
config.status:1183: creating config/Makefile.p4est.pre
config.status:1183: creating config/p4est_autotools.pc
config.status:1183: creating config/p4est_autotools_config.h
config.status:1412: executing config/p4est_config.h commands
config.status:1450: creating config/p4est_config.h - prefix P4EST for config/p4est_autotools_config.h defines
config.status:1412: executing depfiles commands
config.status:1578: cd .       && sed -e '/# am--include-marker/d' Makefile         | make -f - am--depfiles
make: Nothing to be done for 'am--depfiles'.
config.status:1583: $? = 0
config.status:1412: executing libtool commands
configure:17208: === configuring in sc (/home/lukasg/p4est_playground/p4est/sc)
configure:17271: running /bin/sh ./configure --disable-option-checking '--prefix=/home/lukasg/p4est_playground/p4est/local'  --cache-file=/dev/null --srcdir=.
configure:17322: ------------------------------------------------------------------------
P4EST did not find a JSON library containing json_integer and json_real.
This means that loading JSON files for option values will fail.
You can fix this by installing the jansson development library.
configure:17328: ------------------------------------------------------------------------

## ---------------- ##
## Cache variables. ##
## ---------------- ##

ac_cv_build=x86_64-pc-linux-gnu
ac_cv_c_compiler_gnu=yes
ac_cv_env_CC_set=
ac_cv_env_CC_value=
ac_cv_env_CFLAGS_set=
ac_cv_env_CFLAGS_value=
ac_cv_env_CPPFLAGS_set=
ac_cv_env_CPPFLAGS_value=
ac_cv_env_CPP_set=
ac_cv_env_CPP_value=
ac_cv_env_LDFLAGS_set=
ac_cv_env_LDFLAGS_value=
ac_cv_env_LIBS_set=
ac_cv_env_LIBS_value=
ac_cv_env_LT_SYS_LIBRARY_PATH_set=
ac_cv_env_LT_SYS_LIBRARY_PATH_value=
ac_cv_env_build_alias_set=
ac_cv_env_build_alias_value=
ac_cv_env_host_alias_set=
ac_cv_env_host_alias_value=
ac_cv_env_target_alias_set=
ac_cv_env_target_alias_value=
ac_cv_func_aligned_alloc=yes
ac_cv_func_posix_memalign=yes
ac_cv_header_arpa_inet_h=yes
ac_cv_header_dlfcn_h=yes
ac_cv_header_inttypes_h=yes
ac_cv_header_memory_h=yes
ac_cv_header_netinet_in_h=yes
ac_cv_header_stdc=yes
ac_cv_header_stdint_h=yes
ac_cv_header_stdlib_h=yes
ac_cv_header_string_h=yes
ac_cv_header_strings_h=yes
ac_cv_header_sys_stat_h=yes
ac_cv_header_sys_types_h=yes
ac_cv_header_unistd_h=yes
ac_cv_host=x86_64-pc-linux-gnu
ac_cv_objext=o
ac_cv_path_EGREP='/usr/bin/grep -E'
ac_cv_path_FGREP='/usr/bin/grep -F'
ac_cv_path_GREP=/usr/bin/grep
ac_cv_path_SED=/usr/bin/sed
ac_cv_path_install='/usr/bin/install -c'
ac_cv_path_lt_DD=/usr/bin/dd
ac_cv_path_mkdir=/usr/bin/mkdir
ac_cv_prog_AWK=gawk
ac_cv_prog_CPP='gcc -E'
ac_cv_prog_P4EST_HAVE_DOT=YES
ac_cv_prog_ac_ct_AR=ar
ac_cv_prog_ac_ct_CC=gcc
ac_cv_prog_ac_ct_OBJDUMP=objdump
ac_cv_prog_ac_ct_RANLIB=ranlib
ac_cv_prog_ac_ct_STRIP=strip
ac_cv_prog_cc_c89=
ac_cv_prog_cc_g=yes
ac_cv_prog_cc_gcc_c_o=yes
ac_cv_prog_make_make_set=yes
ac_cv_sc_search_adler32_combine=-lz
ac_cv_sc_search_json_integer=no
ac_cv_sc_search_sqrt=-lm
am_cv_CC_dependencies_compiler_type=gcc3
am_cv_ar_interface=ar
am_cv_make_support_nested_variables=yes
am_cv_prog_cc_c_o=yes
lt_cv_ar_at_file=@
lt_cv_archive_cmds_need_lc=no
lt_cv_deplibs_check_method=pass_all
lt_cv_file_magic_cmd='$MAGIC_CMD'
lt_cv_file_magic_test_file=
lt_cv_ld_reload_flag=-r
lt_cv_nm_interface='BSD nm'
lt_cv_objdir=.libs
lt_cv_path_LD=/usr/bin/ld
lt_cv_path_NM='/usr/bin/nm -B'
lt_cv_path_mainfest_tool=no
lt_cv_prog_compiler_c_o=yes
lt_cv_prog_compiler_pic='-fPIC -DPIC'
lt_cv_prog_compiler_pic_works=yes
lt_cv_prog_compiler_rtti_exceptions=no
lt_cv_prog_compiler_static_works=no
lt_cv_prog_gnu_ld=yes
lt_cv_sharedlib_from_linklib_cmd='printf %s\n'
lt_cv_shlibpath_overrides_runpath=no
lt_cv_sys_global_symbol_pipe='sed -n -e '\''s/^.*[	 ]\([ABCDGIRSTW][ABCDGIRSTW]*\)[	 ][	 ]*\([_A-Za-z][_A-Za-z0-9]*\)$/\1 \2 \2/p'\'' | sed '\''/ __gnu_lto/d'\'''
lt_cv_sys_global_symbol_to_c_name_address='sed -n -e '\''s/^: \(.*\) .*$/  {"\1", (void *) 0},/p'\'' -e '\''s/^[ABCDGIRSTW][ABCDGIRSTW]* .* \(.*\)$/  {"\1", (void *) \&\1},/p'\'''
lt_cv_sys_global_symbol_to_c_name_address_lib_prefix='sed -n -e '\''s/^: \(.*\) .*$/  {"\1", (void *) 0},/p'\'' -e '\''s/^[ABCDGIRSTW][ABCDGIRSTW]* .* \(lib.*\)$/  {"\1", (void *) \&\1},/p'\'' -e '\''s/^[ABCDGIRSTW][ABCDGIRSTW]* .* \(.*\)$/  {"lib\1", (void *) \&\1},/p'\'''
lt_cv_sys_global_symbol_to_cdecl='sed -n -e '\''s/^T .* \(.*\)$/extern int \1();/p'\'' -e '\''s/^[ABCDGIRSTW][ABCDGIRSTW]* .* \(.*\)$/extern char \1;/p'\'''
lt_cv_sys_global_symbol_to_import=
lt_cv_sys_max_cmd_len=1572864
lt_cv_to_host_file_cmd=func_convert_file_noop
lt_cv_to_tool_file_cmd=func_convert_file_noop
lt_cv_truncate_bin='/usr/bin/dd bs=4096 count=1'

## ----------------- ##
## Output variables. ##
## ----------------- ##

ACLOCAL='${SHELL} /home/lukasg/p4est_playground/p4est/build-aux/missing aclocal-1.16'
AMDEPBACKSLASH='\'
AMDEP_FALSE='#'
AMDEP_TRUE=''
AMTAR='$${TAR-tar}'
AM_BACKSLASH='\'
AM_DEFAULT_V='$(AM_DEFAULT_VERBOSITY)'
AM_DEFAULT_VERBOSITY='0'
AM_V='$(V)'
AR='ar'
AUTOCONF='${SHELL} /home/lukasg/p4est_playground/p4est/build-aux/missing autoconf'
AUTOHEADER='${SHELL} /home/lukasg/p4est_playground/p4est/build-aux/missing autoheader'
AUTOMAKE='${SHELL} /home/lukasg/p4est_playground/p4est/build-aux/missing automake-1.16'
AWK='gawk'
CC='gcc'
CCDEPMODE='depmode=gcc3'
CFLAGS='-g -O2'
CPP='gcc -E'
CPPFLAGS=''
CYGPATH_W='echo'
DEFS='-DHAVE_CONFIG_H'
DEPDIR='.deps'
DLLTOOL='false'
DSYMUTIL=''
DUMPBIN=''
ECHO_C=''
ECHO_N='-n'
ECHO_T=''
EGREP='/usr/bin/grep -E'
EXEEXT=''
FGREP='/usr/bin/grep -F'
GREP='/usr/bin/grep'
HAVE_PKG_MPI='no'
INSTALL_DATA='${INSTALL} -m 644'
INSTALL_PROGRAM='${INSTALL}'
INSTALL_SCRIPT='${INSTALL}'
INSTALL_STRIP_PROGRAM='$(install_sh) -c -s'
LD='/usr/bin/ld -m elf_x86_64'
LDFLAGS=''
LIBOBJS=''
LIBS='-lz -lm '
LIBTOOL='$(SHELL) $(top_builddir)/libtool'
LIPO=''
LN_S='ln -s'
LTLIBOBJS=''
LT_SYS_LIBRARY_PATH=''
MAKEINFO='${SHELL} /home/lukasg/p4est_playground/p4est/build-aux/missing makeinfo'
MANIFEST_TOOL=':'
MKDIR_P='/usr/bin/mkdir -p'
NM='/usr/bin/nm -B'
NMEDIT=''
OBJDUMP='objdump'
OBJEXT='o'
OTOOL64=''
OTOOL=''
P4EST_DISTCLEAN=' P4EST_SC_SOURCE.log'
P4EST_DIST_DENY_FALSE=''
P4EST_DIST_DENY_TRUE='#'
P4EST_ENABLE_BUILD_2D_FALSE='#'
P4EST_ENABLE_BUILD_2D_TRUE=''
P4EST_ENABLE_BUILD_3D_FALSE='#'
P4EST_ENABLE_BUILD_3D_TRUE=''
P4EST_ENABLE_BUILD_P6EST_FALSE='#'
P4EST_ENABLE_BUILD_P6EST_TRUE=''
P4EST_ENABLE_DEBUG_FALSE=''
P4EST_ENABLE_DEBUG_TRUE='#'
P4EST_ENABLE_FILE_CHECKS_FALSE='#'
P4EST_ENABLE_FILE_CHECKS_TRUE=''
P4EST_ENABLE_FILE_DEPRECATED_FALSE=''
P4EST_ENABLE_FILE_DEPRECATED_TRUE='#'
P4EST_ENABLE_MEMALIGN_FALSE='#'
P4EST_ENABLE_MEMALIGN_TRUE=''
P4EST_ENABLE_MPIIO_FALSE=''
P4EST_ENABLE_MPIIO_TRUE='#'
P4EST_ENABLE_MPISHARED_FALSE=''
P4EST_ENABLE_MPISHARED_TRUE='#'
P4EST_ENABLE_MPITHREAD_FALSE=''
P4EST_ENABLE_MPITHREAD_TRUE='#'
P4EST_ENABLE_MPI_FALSE=''
P4EST_ENABLE_MPI_TRUE='#'
P4EST_ENABLE_PTHREAD_FALSE=''
P4EST_ENABLE_PTHREAD_TRUE='#'
P4EST_ENABLE_V4L2_FALSE=''
P4EST_ENABLE_V4L2_TRUE='#'
P4EST_ENABLE_VTK_BINARY_FALSE='#'
P4EST_ENABLE_VTK_BINARY_TRUE=''
P4EST_ENABLE_VTK_COMPRESSION_FALSE='#'
P4EST_ENABLE_VTK_COMPRESSION_TRUE=''
P4EST_ENABLE_VTK_DOUBLES_FALSE=''
P4EST_ENABLE_VTK_DOUBLES_TRUE='#'
P4EST_HAVE_DOT='YES'
P4EST_HAVE_JSON=''
P4EST_MPIRUN=''
P4EST_MPI_TEST_FLAGS=''
P4EST_PETSC_INCLUDE_DIRS=''
P4EST_PETSC_LINK_LIBS=''
P4EST_PROVIDE_GETOPT_FALSE=''
P4EST_PROVIDE_GETOPT_TRUE='#'
P4EST_SC_AMFLAGS='-I $(top_srcdir)/sc/config'
P4EST_SC_CPPFLAGS='-Isc/config -Isc/src                   -I$(top_srcdir)/sc/src'
P4EST_SC_DOXTAG='../sc/doc/libsc.doxygen.tags=../../sc/doc/html'
P4EST_SC_EDEPS='sc/src/libsc.la'
P4EST_SC_LDADD='sc/src/libsc.la'
P4EST_SC_LIBADD='sc/src/libsc.la'
P4EST_SC_MK_INCLUDE='include ${p4est_sysconfdir}/Makefile.sc.mk'
P4EST_SC_MK_USE_FALSE=''
P4EST_SC_MK_USE_TRUE='#'
P4EST_SC_RPATH=''
P4EST_SC_SUBDIR='sc'
P4EST_VALGRIND=''
P4EST_VALGRIND_FLAGS=''
P4EST_WITH_METIS_FALSE=''
P4EST_WITH_METIS_TRUE='#'
P4EST_WITH_PETSC_FALSE=''
P4EST_WITH_PETSC_TRUE='#'
P4EST_WITH_SC_FALSE=''
P4EST_WITH_SC_TRUE='#'
PACKAGE='p4est'
PACKAGE_BUGREPORT='p4est@ins.uni-bonn.de'
PACKAGE_NAME='p4est'
PACKAGE_PREFIX='P4EST'
PACKAGE_STRING='p4est 2.8.7.12-cf1ab'
PACKAGE_TARNAME='p4est'
PACKAGE_URL=''
PACKAGE_VERSION='2.8.7.12-cf1ab'
PATH_SEPARATOR=':'
PETSCARCH_PROG=''
RANLIB='ranlib'
SED='/usr/bin/sed'
SET_MAKE=''
SHELL='/bin/sh'
STRIP='strip'
VERSION='2.8.7.12-cf1ab'
ac_ct_AR='ar'
ac_ct_CC='gcc'
ac_ct_DUMPBIN=''
am__EXEEXT_FALSE=''
am__EXEEXT_TRUE='#'
am__fastdepCC_FALSE='#'
am__fastdepCC_TRUE=''
am__include='include'
am__isrc=''
am__leading_dot='.'
am__nodep='_no'
am__quote=''
am__tar='$${TAR-tar} chof - "$$tardir"'
am__untar='$${TAR-tar} xf -'
bindir='${exec_prefix}/bin'
build='x86_64-pc-linux-gnu'
build_alias=''
build_cpu='x86_64'
build_os='linux-gnu'
build_vendor='pc'
datadir='${datarootdir}'
datarootdir='${prefix}/share'
docdir='${datarootdir}/doc/${PACKAGE_TARNAME}'
dvidir='${docdir}'
exec_prefix='${prefix}'
host='x86_64-pc-linux-gnu'
host_alias=''
host_cpu='x86_64'
host_os='linux-gnu'
host_vendor='pc'
htmldir='${docdir}'
includedir='${prefix}/include'
infodir='${datarootdir}/info'
install_sh='${SHELL} /home/lukasg/p4est_playground/p4est/build-aux/install-sh'
libdir='${exec_prefix}/lib'
libexecdir='${exec_prefix}/libexec'
localedir='${datarootdir}/locale'
localstatedir='${prefix}/var'
mandir='${datarootdir}/man'
mkdir_p='$(MKDIR_P)'
oldincludedir='/usr/include'
pdfdir='${docdir}'
pkgconfigdir='${libdir}/pkgconfig'
prefix='/home/lukasg/p4est_playground/p4est/local'
program_transform_name='s,x,x,'
psdir='${docdir}'
sbindir='${exec_prefix}/sbin'
sharedstatedir='${prefix}/com'
subdirs=' sc'
sysconfdir='${prefix}/etc'
target_alias=''

## ----------- ##
## confdefs.h. ##
## ----------- ##

/* confdefs.h */
#define PACKAGE_NAME "p4est"
#define PACKAGE_TARNAME "p4est"
#define PACKAGE_VERSION "2.8.7.12-cf1ab"
#define PACKAGE_STRING "p4est 2.8.7.12-cf1ab"
#define PACKAGE_BUGREPORT "p4est@ins.uni-bonn.de"
#define PACKAGE_URL ""
#define PACKAGE "p4est"
#define VERSION "2.8.7.12-cf1ab"
#define VERSION_MAJOR 2
#define VERSION_MINOR 8
#define VERSION_POINT 7.12-cf1ab
#define VTK_BINARY 1
#define ENABLE_VTK_BINARY 1
#define VTK_COMPRESSION 1
#define ENABLE_VTK_COMPRESSION 1
#define BUILD_2D 1
#define ENABLE_BUILD_2D 1
#define BUILD_3D 1
#define ENABLE_BUILD_3D 1
#define BUILD_P6EST 1
#define ENABLE_BUILD_P6EST 1
#define FILE_CHECKS 1
#define ENABLE_FILE_CHECKS 1
#define STDC_HEADERS 1
#define HAVE_SYS_TYPES_H 1
#define HAVE_SYS_STAT_H 1
#define HAVE_STDLIB_H 1
#define HAVE_STRING_H 1
#define HAVE_MEMORY_H 1
#define HAVE_STRINGS_H 1
#define HAVE_INTTYPES_H 1
#define HAVE_STDINT_H 1
#define HAVE_UNISTD_H 1
#define HAVE_DLFCN_H 1
#define LT_OBJDIR ".libs/"
#define USING_AUTOCONF 1
#define HAVE_MATH 1
#define HAVE_ZLIB 1
#define HAVE_ALIGNED_ALLOC 1
#define HAVE_POSIX_MEMALIGN 1
#define MEMALIGN 1
#define ENABLE_MEMALIGN 1
#define MEMALIGN_BYTES (8)
#define HAVE_GNU_QSORT_R 1
#define HAVE_ARPA_INET_H 1
#define HAVE_NETINET_IN_H 1
#define HAVE_UNISTD_H 1

configure: exit 0
